  [4;36;1mSQL (0.1ms)[0m   [0;1mSET NAMES 'utf8'[0m
  [4;35;1mSQL (0.1ms)[0m   [0mSET SQL_AUTO_IS_NULL=0[0m
  [4;36;1mSQL (0.3ms)[0m   [0;1mSHOW TABLES[0m
  [4;35;1mSQL (138.0ms)[0m   [0mCREATE TABLE `schema_migrations` (`version` varchar(255) NOT NULL) ENGINE=InnoDB[0m
  [4;36;1mSQL (0.6ms)[0m   [0;1mSHOW KEYS FROM `schema_migrations`[0m
  [4;35;1mSQL (60.4ms)[0m   [0mCREATE UNIQUE INDEX `unique_schema_migrations` ON `schema_migrations` (`version`)[0m
  [4;36;1mSQL (0.3ms)[0m   [0;1mSHOW TABLES[0m
  [4;35;1mSQL (0.4ms)[0m   [0mSHOW TABLES[0m
  [4;36;1mSQL (0.4ms)[0m   [0;1mSELECT version FROM schema_migrations[0m
  [4;35;1mSQL (0.2ms)[0m   [0mSHOW TABLES[0m
  [4;36;1mSQL (0.1ms)[0m   [0;1mSET NAMES 'utf8'[0m
  [4;35;1mSQL (0.1ms)[0m   [0mSET SQL_AUTO_IS_NULL=0[0m
  [4;36;1mSQL (0.2ms)[0m   [0;1mSHOW TABLES[0m
  [4;35;1mSQL (0.3ms)[0m   [0mSHOW TABLES[0m
  [4;36;1mSQL (0.2ms)[0m   [0;1mSELECT version FROM schema_migrations[0m
  [4;35;1mSQL (0.2ms)[0m   [0mSHOW TABLES[0m
  [4;36;1mSQL (0.1ms)[0m   [0;1mSET NAMES 'utf8'[0m
  [4;35;1mSQL (0.1ms)[0m   [0mSET SQL_AUTO_IS_NULL=0[0m
  [4;36;1mSQL (0.3ms)[0m   [0;1mSHOW TABLES[0m
  [4;35;1mSQL (74.4ms)[0m   [0mCREATE TABLE `schema_migrations` (`version` varchar(255) NOT NULL) ENGINE=InnoDB[0m
  [4;36;1mSQL (0.5ms)[0m   [0;1mSHOW KEYS FROM `schema_migrations`[0m
  [4;35;1mSQL (25.8ms)[0m   [0mCREATE UNIQUE INDEX `unique_schema_migrations` ON `schema_migrations` (`version`)[0m
  [4;36;1mSQL (0.3ms)[0m   [0;1mSHOW TABLES[0m
  [4;35;1mSQL (0.3ms)[0m   [0mSELECT version FROM schema_migrations[0m
Migrating to CreateProducts (20101024023952)
  [4;36;1mSQL (15.8ms)[0m   [0;1mCREATE TABLE `products` (`id` int(11) DEFAULT NULL auto_increment PRIMARY KEY, `title` varchar(255), `description` text, `created_at` datetime, `updated_at` datetime) ENGINE=InnoDB[0m
  [4;35;1mSQL (0.7ms)[0m   [0mINSERT INTO schema_migrations (version) VALUES ('20101024023952')[0m
  [4;36;1mSQL (0.3ms)[0m   [0;1mSHOW TABLES[0m
  [4;35;1mSQL (0.2ms)[0m   [0mSELECT version FROM schema_migrations[0m
  [4;36;1mSQL (0.2ms)[0m   [0;1mSHOW TABLES[0m
  [4;35;1mSQL (12.7ms)[0m   [0mSHOW FIELDS FROM `products`[0m
  [4;36;1mSQL (2.3ms)[0m   [0;1mdescribe `products`[0m
  [4;35;1mSQL (1.0ms)[0m   [0mSHOW KEYS FROM `products`[0m
  [4;36;1mSQL (0.1ms)[0m   [0;1mSET NAMES 'utf8'[0m
  [4;35;1mSQL (0.1ms)[0m   [0mSET SQL_AUTO_IS_NULL=0[0m


Processing ApplicationController#index (for 127.0.0.1 at 2010-10-23 22:41:00) [GET]

ActionController::RoutingError (No route matches "/product" with {:method=>:get}):
  

Rendering rescues/layout (not_found)
  [4;36;1mSQL (0.1ms)[0m   [0;1mSET NAMES 'utf8'[0m
  [4;35;1mSQL (0.1ms)[0m   [0mSET SQL_AUTO_IS_NULL=0[0m


Processing ProductsController#index (for 127.0.0.1 at 2010-10-23 22:41:07) [GET]
  [4;36;1mProduct Load (0.3ms)[0m   [0;1mSELECT * FROM `products` [0m
Rendering template within layouts/products
Rendering products/index
Completed in 77ms (View: 73, DB: 0) | 200 OK [http://localhost/products]
  [4;35;1mSQL (0.1ms)[0m   [0mSET NAMES 'utf8'[0m
  [4;36;1mSQL (0.1ms)[0m   [0;1mSET SQL_AUTO_IS_NULL=0[0m


Processing ProductsController#new (for 127.0.0.1 at 2010-10-23 22:41:09) [GET]
  [4;35;1mProduct Columns (1.2ms)[0m   [0mSHOW FIELDS FROM `products`[0m
Rendering template within layouts/products
Rendering products/new
Completed in 17ms (View: 11, DB: 1) | 200 OK [http://localhost/products/new]
  [4;36;1mSQL (0.1ms)[0m   [0;1mSET NAMES 'utf8'[0m
  [4;35;1mSQL (0.1ms)[0m   [0mSET SQL_AUTO_IS_NULL=0[0m


Processing ProductsController#create (for 127.0.0.1 at 2010-10-23 22:41:19) [POST]
  Parameters: {"commit"=>"Create", "authenticity_token"=>"bfpnw2kPusKobOYG/0MzJonO9s8XlRlS0HYFRgq0aVk=", "product"=>{"title"=>"Painting", "description"=>"Awesome painting."}}
  [4;36;1mProduct Columns (10.9ms)[0m   [0;1mSHOW FIELDS FROM `products`[0m
  [4;35;1mSQL (0.1ms)[0m   [0mBEGIN[0m
  [4;36;1mProduct Create (0.3ms)[0m   [0;1mINSERT INTO `products` (`created_at`, `title`, `updated_at`, `description`) VALUES('2010-10-24 02:41:19', 'Painting', '2010-10-24 02:41:19', 'Awesome painting.')[0m
  [4;35;1mSQL (1.5ms)[0m   [0mCOMMIT[0m
Redirected to http://localhost:3000/products/1
Completed in 23ms (DB: 13) | 302 Found [http://localhost/products]
  [4;36;1mSQL (0.1ms)[0m   [0;1mSET NAMES 'utf8'[0m
  [4;35;1mSQL (0.1ms)[0m   [0mSET SQL_AUTO_IS_NULL=0[0m


Processing ProductsController#show (for 127.0.0.1 at 2010-10-23 22:41:19) [GET]
  Parameters: {"id"=>"1"}
  [4;36;1mProduct Columns (1.1ms)[0m   [0;1mSHOW FIELDS FROM `products`[0m
  [4;35;1mProduct Load (0.3ms)[0m   [0mSELECT * FROM `products` WHERE (`products`.`id` = 1) [0m
Rendering template within layouts/products
Rendering products/show
Completed in 74ms (View: 68, DB: 2) | 200 OK [http://localhost/products/1]
  [4;36;1mSQL (0.2ms)[0m   [0;1mSET NAMES 'utf8'[0m
  [4;35;1mSQL (0.1ms)[0m   [0mSET SQL_AUTO_IS_NULL=0[0m


Processing ProductsController#edit (for 127.0.0.1 at 2010-10-23 22:41:23) [GET]
  Parameters: {"id"=>"1"}
  [4;36;1mProduct Columns (1.3ms)[0m   [0;1mSHOW FIELDS FROM `products`[0m
  [4;35;1mProduct Load (0.4ms)[0m   [0mSELECT * FROM `products` WHERE (`products`.`id` = 1) [0m
Rendering template within layouts/products
Rendering products/edit
Completed in 16ms (View: 10, DB: 2) | 200 OK [http://localhost/products/1/edit]
  [4;36;1mSQL (0.1ms)[0m   [0;1mSET NAMES 'utf8'[0m
  [4;35;1mSQL (0.1ms)[0m   [0mSET SQL_AUTO_IS_NULL=0[0m


Processing ProductsController#update (for 127.0.0.1 at 2010-10-23 22:41:25) [PUT]
  Parameters: {"commit"=>"Update", "authenticity_token"=>"bfpnw2kPusKobOYG/0MzJonO9s8XlRlS0HYFRgq0aVk=", "id"=>"1", "product"=>{"title"=>"Painting", "description"=>"Awesome painting."}}
  [4;36;1mProduct Columns (1.5ms)[0m   [0;1mSHOW FIELDS FROM `products`[0m
  [4;35;1mProduct Load (0.2ms)[0m   [0mSELECT * FROM `products` WHERE (`products`.`id` = 1) [0m
  [4;36;1mSQL (0.1ms)[0m   [0;1mBEGIN[0m
  [4;35;1mSQL (0.1ms)[0m   [0mCOMMIT[0m
Redirected to http://localhost:3000/products/1
Completed in 9ms (DB: 2) | 302 Found [http://localhost/products/1]
  [4;36;1mSQL (0.1ms)[0m   [0;1mSET NAMES 'utf8'[0m
  [4;35;1mSQL (0.1ms)[0m   [0mSET SQL_AUTO_IS_NULL=0[0m


Processing ProductsController#show (for 127.0.0.1 at 2010-10-23 22:41:25) [GET]
  Parameters: {"id"=>"1"}
  [4;36;1mProduct Columns (1.2ms)[0m   [0;1mSHOW FIELDS FROM `products`[0m
  [4;35;1mProduct Load (0.5ms)[0m   [0mSELECT * FROM `products` WHERE (`products`.`id` = 1) [0m
Rendering template within layouts/products
Rendering products/show
Completed in 8ms (View: 2, DB: 2) | 200 OK [http://localhost/products/1]
  [4;36;1mSQL (0.1ms)[0m   [0;1mSET NAMES 'utf8'[0m
  [4;35;1mSQL (0.1ms)[0m   [0mSET SQL_AUTO_IS_NULL=0[0m


Processing ProductsController#index (for 127.0.0.1 at 2010-10-23 22:41:27) [GET]
  [4;36;1mProduct Load (0.3ms)[0m   [0;1mSELECT * FROM `products` [0m
Rendering template within layouts/products
Rendering products/index
  [4;35;1mProduct Columns (1.1ms)[0m   [0mSHOW FIELDS FROM `products`[0m
Completed in 10ms (View: 5, DB: 2) | 200 OK [http://localhost/products]
  [4;36;1mSQL (0.1ms)[0m   [0;1mSET NAMES 'utf8'[0m
  [4;35;1mSQL (0.8ms)[0m   [0mSET SQL_AUTO_IS_NULL=0[0m


Processing ProductsController#show (for 127.0.0.1 at 2010-10-23 22:42:15) [GET]
  Parameters: {"id"=>"1"}
  [4;36;1mProduct Columns (1.6ms)[0m   [0;1mSHOW FIELDS FROM `products`[0m
  [4;35;1mProduct Load (0.2ms)[0m   [0mSELECT * FROM `products` WHERE (`products`.`id` = 1) [0m
Rendering template within layouts/products
Rendering products/show
Completed in 8ms (View: 2, DB: 3) | 200 OK [http://localhost/products/1]
  [4;36;1mSQL (0.1ms)[0m   [0;1mSET NAMES 'utf8'[0m
  [4;35;1mSQL (0.1ms)[0m   [0mSET SQL_AUTO_IS_NULL=0[0m


Processing ProductsController#index (for 127.0.0.1 at 2010-10-23 22:42:18) [GET]
  [4;36;1mProduct Load (0.3ms)[0m   [0;1mSELECT * FROM `products` [0m
Rendering template within layouts/products
Rendering products/index
  [4;35;1mProduct Columns (1.0ms)[0m   [0mSHOW FIELDS FROM `products`[0m
Completed in 11ms (View: 6, DB: 2) | 200 OK [http://localhost/products]
  [4;36;1mSQL (0.1ms)[0m   [0;1mSET NAMES 'utf8'[0m
  [4;35;1mSQL (0.1ms)[0m   [0mSET SQL_AUTO_IS_NULL=0[0m


Processing ProductsController#show (for 127.0.0.1 at 2010-10-23 22:42:23) [GET]
  Parameters: {"id"=>"1"}
  [4;36;1mProduct Columns (1.1ms)[0m   [0;1mSHOW FIELDS FROM `products`[0m
  [4;35;1mProduct Load (0.2ms)[0m   [0mSELECT * FROM `products` WHERE (`products`.`id` = 1) [0m
Rendering template within layouts/products
Rendering products/show
Completed in 8ms (View: 2, DB: 1) | 200 OK [http://localhost/products/1]
  [4;36;1mSQL (0.1ms)[0m   [0;1mSET NAMES 'utf8'[0m
  [4;35;1mSQL (0.1ms)[0m   [0mSET SQL_AUTO_IS_NULL=0[0m


Processing ProductsController#index (for 127.0.0.1 at 2010-10-23 22:42:27) [GET]
  [4;36;1mProduct Load (0.4ms)[0m   [0;1mSELECT * FROM `products` [0m
Rendering template within layouts/products
Rendering products/index
  [4;35;1mProduct Columns (1.0ms)[0m   [0mSHOW FIELDS FROM `products`[0m
Completed in 10ms (View: 5, DB: 2) | 200 OK [http://localhost/products]
  [4;36;1mSQL (0.2ms)[0m   [0;1mSET NAMES 'utf8'[0m
  [4;35;1mSQL (0.1ms)[0m   [0mSET SQL_AUTO_IS_NULL=0[0m
  [4;36;1mSQL (0.3ms)[0m   [0;1mSHOW TABLES[0m
  [4;35;1mSQL (0.2ms)[0m   [0mSELECT version FROM schema_migrations[0m
Migrating to CreateProducts (20101024023952)
Migrating to AddPriceToProduct (20101024035954)
  [4;36;1mSQL (22.9ms)[0m   [0;1mALTER TABLE `products` ADD `price` decimal(8,2) DEFAULT 0[0m
  [4;35;1mSQL (0.7ms)[0m   [0mINSERT INTO schema_migrations (version) VALUES ('20101024035954')[0m
  [4;36;1mSQL (0.3ms)[0m   [0;1mSHOW TABLES[0m
  [4;35;1mSQL (0.1ms)[0m   [0mSELECT version FROM schema_migrations[0m
  [4;36;1mSQL (0.2ms)[0m   [0;1mSHOW TABLES[0m
  [4;35;1mSQL (1.3ms)[0m   [0mSHOW FIELDS FROM `products`[0m
  [4;36;1mSQL (1.5ms)[0m   [0;1mdescribe `products`[0m
  [4;35;1mSQL (0.4ms)[0m   [0mSHOW KEYS FROM `products`[0m
  [4;36;1mSQL (0.1ms)[0m   [0;1mSET NAMES 'utf8'[0m
  [4;35;1mSQL (0.1ms)[0m   [0mSET SQL_AUTO_IS_NULL=0[0m
  [4;36;1mSQL (0.2ms)[0m   [0;1mSHOW TABLES[0m
  [4;35;1mSQL (0.2ms)[0m   [0mSELECT version FROM schema_migrations[0m
Migrating to CreateProducts (20101024023952)
Migrating to AddPriceToProduct (20101024035954)
Migrating to AddTestData (20101024042018)
  [4;36;1mSQL (0.3ms)[0m   [0;1mSHOW TABLES[0m
  [4;35;1mProduct Columns (1.0ms)[0m   [0mSHOW FIELDS FROM `products`[0m
  [4;36;1mSQL (0.2ms)[0m   [0;1mSHOW TABLES[0m
  [4;35;1mProduct Columns (1.1ms)[0m   [0mSHOW FIELDS FROM `products`[0m
  [4;36;1mSQL (0.1ms)[0m   [0;1mSET NAMES 'utf8'[0m
  [4;35;1mSQL (0.1ms)[0m   [0mSET SQL_AUTO_IS_NULL=0[0m
  [4;36;1mSQL (0.2ms)[0m   [0;1mSHOW TABLES[0m
  [4;35;1mSQL (0.2ms)[0m   [0mSELECT version FROM schema_migrations[0m
Migrating to CreateProducts (20101024023952)
Migrating to AddPriceToProduct (20101024035954)
Migrating to AddTestData (20101024042018)
  [4;36;1mProduct Delete all (0.9ms)[0m   [0;1mDELETE FROM `products` [0m
  [4;35;1mSQL (0.6ms)[0m   [0mINSERT INTO schema_migrations (version) VALUES ('20101024042018')[0m
  [4;36;1mSQL (0.3ms)[0m   [0;1mSHOW TABLES[0m
  [4;35;1mSQL (0.1ms)[0m   [0mSELECT version FROM schema_migrations[0m
  [4;36;1mSQL (0.2ms)[0m   [0;1mSHOW TABLES[0m
  [4;35;1mSQL (1.0ms)[0m   [0mSHOW FIELDS FROM `products`[0m
  [4;36;1mSQL (1.0ms)[0m   [0;1mdescribe `products`[0m
  [4;35;1mSQL (0.2ms)[0m   [0mSHOW KEYS FROM `products`[0m
  [4;36;1mSQL (0.4ms)[0m   [0;1mSET NAMES 'utf8'[0m
  [4;35;1mSQL (0.4ms)[0m   [0mSET SQL_AUTO_IS_NULL=0[0m


Processing ProductsController#index (for 127.0.0.1 at 2010-10-24 00:25:08) [GET]
  [4;36;1mProduct Load (0.3ms)[0m   [0;1mSELECT * FROM `products` [0m
Rendering template within layouts/products
Rendering products/index
Completed in 71ms (View: 5, DB: 1) | 200 OK [http://localhost/products]
  [4;35;1mSQL (0.1ms)[0m   [0mSET NAMES 'utf8'[0m
  [4;36;1mSQL (0.1ms)[0m   [0;1mSET SQL_AUTO_IS_NULL=0[0m


Processing ProductsController#index (for 127.0.0.1 at 2010-10-24 00:25:14) [GET]
  [4;35;1mProduct Load (0.3ms)[0m   [0mSELECT * FROM `products` [0m
Rendering template within layouts/products
Rendering products/index
Completed in 6ms (View: 1, DB: 1) | 200 OK [http://localhost/products]
  [4;36;1mSQL (0.1ms)[0m   [0;1mSET NAMES 'utf8'[0m
  [4;35;1mSQL (0.1ms)[0m   [0mSET SQL_AUTO_IS_NULL=0[0m
  [4;36;1mSQL (0.2ms)[0m   [0;1mSHOW TABLES[0m
  [4;35;1mSQL (0.2ms)[0m   [0mSELECT version FROM schema_migrations[0m
Migrating to CreateProducts (20101024023952)
Migrating to AddPriceToProduct (20101024035954)
Migrating to AddTestData (20101024042018)
  [4;36;1mSQL (0.3ms)[0m   [0;1mSHOW TABLES[0m
  [4;35;1mSQL (0.1ms)[0m   [0mSELECT version FROM schema_migrations[0m
  [4;36;1mSQL (0.2ms)[0m   [0;1mSHOW TABLES[0m
  [4;35;1mSQL (1.0ms)[0m   [0mSHOW FIELDS FROM `products`[0m
  [4;36;1mSQL (1.1ms)[0m   [0;1mdescribe `products`[0m
  [4;35;1mSQL (0.2ms)[0m   [0mSHOW KEYS FROM `products`[0m
  [4;36;1mSQL (0.1ms)[0m   [0;1mSET NAMES 'utf8'[0m
  [4;35;1mSQL (0.1ms)[0m   [0mSET SQL_AUTO_IS_NULL=0[0m


Processing ProductsController#index (for 127.0.0.1 at 2010-10-24 00:25:54) [GET]
  [4;36;1mProduct Load (0.4ms)[0m   [0;1mSELECT * FROM `products` [0m
Rendering template within layouts/products
Rendering products/index
Completed in 6ms (View: 1, DB: 1) | 200 OK [http://localhost/products]
  [4;35;1mSQL (0.1ms)[0m   [0mSET NAMES 'utf8'[0m
  [4;36;1mSQL (0.1ms)[0m   [0;1mSET SQL_AUTO_IS_NULL=0[0m


Processing ProductsController#index (for 127.0.0.1 at 2010-10-24 00:25:56) [GET]
  [4;35;1mProduct Load (0.3ms)[0m   [0mSELECT * FROM `products` [0m
Rendering template within layouts/products
Rendering products/index
Completed in 6ms (View: 1, DB: 0) | 200 OK [http://localhost/products]
  [4;36;1mSQL (0.1ms)[0m   [0;1mSET NAMES 'utf8'[0m
  [4;35;1mSQL (0.1ms)[0m   [0mSET SQL_AUTO_IS_NULL=0[0m
  [4;36;1mSQL (0.2ms)[0m   [0;1mSHOW TABLES[0m
  [4;35;1mSQL (0.2ms)[0m   [0mSELECT version FROM schema_migrations[0m
Migrating to CreateProducts (20101024023952)
Migrating to AddPriceToProduct (20101024035954)
Migrating to AddTestData (20101024042018)
  [4;36;1mSQL (0.3ms)[0m   [0;1mSHOW TABLES[0m
  [4;35;1mSQL (0.2ms)[0m   [0mSELECT version FROM schema_migrations[0m
  [4;36;1mSQL (0.2ms)[0m   [0;1mSHOW TABLES[0m
  [4;35;1mSQL (1.1ms)[0m   [0mSHOW FIELDS FROM `products`[0m
  [4;36;1mSQL (1.2ms)[0m   [0;1mdescribe `products`[0m
  [4;35;1mSQL (0.4ms)[0m   [0mSHOW KEYS FROM `products`[0m
  [4;36;1mSQL (3.7ms)[0m   [0;1mSET NAMES 'utf8'[0m
  [4;35;1mSQL (0.1ms)[0m   [0mSET SQL_AUTO_IS_NULL=0[0m


Processing ProductsController#index (for 127.0.0.1 at 2010-10-24 00:26:26) [GET]
  [4;36;1mProduct Load (0.3ms)[0m   [0;1mSELECT * FROM `products` [0m
Rendering template within layouts/products
Rendering products/index
Completed in 5ms (View: 1, DB: 4) | 200 OK [http://localhost/products]
  [4;35;1mSQL (0.1ms)[0m   [0mSET NAMES 'utf8'[0m
  [4;36;1mSQL (0.1ms)[0m   [0;1mSET SQL_AUTO_IS_NULL=0[0m


Processing ProductsController#index (for 127.0.0.1 at 2010-10-24 00:26:31) [GET]
  [4;35;1mProduct Load (0.3ms)[0m   [0mSELECT * FROM `products` [0m
Rendering template within layouts/products
Rendering products/index
Completed in 6ms (View: 1, DB: 0) | 200 OK [http://localhost/products]
  [4;36;1mSQL (0.1ms)[0m   [0;1mSET NAMES 'utf8'[0m
  [4;35;1mSQL (0.1ms)[0m   [0mSET SQL_AUTO_IS_NULL=0[0m
  [4;36;1mSQL (0.2ms)[0m   [0;1mSHOW TABLES[0m
  [4;35;1mSQL (0.2ms)[0m   [0mSELECT version FROM schema_migrations[0m
Migrating to CreateProducts (20101024023952)
Migrating to AddPriceToProduct (20101024035954)
Migrating to AddTestData (20101024042018)
  [4;36;1mSQL (0.3ms)[0m   [0;1mSHOW TABLES[0m
  [4;35;1mSQL (0.1ms)[0m   [0mSELECT version FROM schema_migrations[0m
  [4;36;1mSQL (0.1ms)[0m   [0;1mSHOW TABLES[0m
  [4;35;1mSQL (1.0ms)[0m   [0mSHOW FIELDS FROM `products`[0m
  [4;36;1mSQL (1.2ms)[0m   [0;1mdescribe `products`[0m
  [4;35;1mSQL (0.3ms)[0m   [0mSHOW KEYS FROM `products`[0m
  [4;36;1mSQL (0.1ms)[0m   [0;1mSET NAMES 'utf8'[0m
  [4;35;1mSQL (0.1ms)[0m   [0mSET SQL_AUTO_IS_NULL=0[0m


Processing ProductsController#index (for 127.0.0.1 at 2010-10-24 00:27:58) [GET]
  [4;36;1mProduct Load (0.3ms)[0m   [0;1mSELECT * FROM `products` [0m
Rendering template within layouts/products
Rendering products/index
Completed in 5ms (View: 1, DB: 0) | 200 OK [http://localhost/products]
  [4;35;1mSQL (0.1ms)[0m   [0mSET NAMES 'utf8'[0m
  [4;36;1mSQL (0.1ms)[0m   [0;1mSET SQL_AUTO_IS_NULL=0[0m


Processing ProductsController#index (for 127.0.0.1 at 2010-10-24 00:28:00) [GET]
  [4;35;1mProduct Load (0.3ms)[0m   [0mSELECT * FROM `products` [0m
Rendering template within layouts/products
Rendering products/index
Completed in 6ms (View: 1, DB: 0) | 200 OK [http://localhost/products]
  [4;36;1mSQL (0.1ms)[0m   [0;1mSET NAMES 'utf8'[0m
  [4;35;1mSQL (0.1ms)[0m   [0mSET SQL_AUTO_IS_NULL=0[0m
  [4;36;1mSQL (0.2ms)[0m   [0;1mSHOW TABLES[0m
  [4;35;1mSQL (0.2ms)[0m   [0mSELECT version FROM schema_migrations[0m
  [4;36;1mSQL (0.2ms)[0m   [0;1mSHOW TABLES[0m
  [4;35;1mSQL (0.1ms)[0m   [0mSELECT version FROM schema_migrations[0m
  [4;36;1mSQL (0.1ms)[0m   [0;1mSHOW TABLES[0m
  [4;35;1mSQL (0.1ms)[0m   [0mSELECT version FROM schema_migrations[0m
Migrating to CreateProducts (20101024023952)
Migrating to AddPriceToProduct (20101024035954)
Migrating to AddTestData (20101024042018)
  [4;36;1mSQL (0.3ms)[0m   [0;1mSHOW TABLES[0m
  [4;35;1mSQL (0.1ms)[0m   [0mSELECT version FROM schema_migrations[0m
  [4;36;1mSQL (0.1ms)[0m   [0;1mSHOW TABLES[0m
  [4;35;1mSQL (1.0ms)[0m   [0mSHOW FIELDS FROM `products`[0m
  [4;36;1mSQL (1.2ms)[0m   [0;1mdescribe `products`[0m
  [4;35;1mSQL (0.5ms)[0m   [0mSHOW KEYS FROM `products`[0m
  [4;36;1mSQL (0.1ms)[0m   [0;1mSET NAMES 'utf8'[0m
  [4;35;1mSQL (0.1ms)[0m   [0mSET SQL_AUTO_IS_NULL=0[0m


Processing ProductsController#index (for 127.0.0.1 at 2010-10-24 00:28:36) [GET]
  [4;36;1mProduct Load (0.3ms)[0m   [0;1mSELECT * FROM `products` [0m
Rendering template within layouts/products
Rendering products/index
Completed in 6ms (View: 1, DB: 1) | 200 OK [http://localhost/products]
  [4;36;1mSQL (0.1ms)[0m   [0;1mSET NAMES 'utf8'[0m
  [4;35;1mSQL (0.1ms)[0m   [0mSET SQL_AUTO_IS_NULL=0[0m
  [4;36;1mSQL (0.2ms)[0m   [0;1mSHOW TABLES[0m
  [4;35;1mSQL (0.2ms)[0m   [0mSELECT version FROM schema_migrations[0m
  [4;36;1mSQL (0.2ms)[0m   [0;1mSHOW TABLES[0m
  [4;35;1mSQL (0.1ms)[0m   [0mSELECT version FROM schema_migrations[0m
  [4;36;1mSQL (0.2ms)[0m   [0;1mSHOW TABLES[0m
  [4;35;1mSQL (0.1ms)[0m   [0mSELECT version FROM schema_migrations[0m
Migrating to CreateProducts (20101024023952)
Migrating to AddPriceToProduct (20101024035954)
Migrating to AddTestData (20101024042018)
  [4;36;1mSQL (0.3ms)[0m   [0;1mSHOW TABLES[0m
  [4;35;1mSQL (0.1ms)[0m   [0mSELECT version FROM schema_migrations[0m
  [4;36;1mSQL (0.1ms)[0m   [0;1mSHOW TABLES[0m
  [4;35;1mSQL (1.0ms)[0m   [0mSHOW FIELDS FROM `products`[0m
  [4;36;1mSQL (1.1ms)[0m   [0;1mdescribe `products`[0m
  [4;35;1mSQL (0.2ms)[0m   [0mSHOW KEYS FROM `products`[0m
  [4;36;1mSQL (0.1ms)[0m   [0;1mSET NAMES 'utf8'[0m
  [4;35;1mSQL (0.1ms)[0m   [0mSET SQL_AUTO_IS_NULL=0[0m
  [4;36;1mSQL (0.3ms)[0m   [0;1mSHOW TABLES[0m
  [4;35;1mSQL (0.2ms)[0m   [0mSELECT version FROM schema_migrations[0m
Migrating to CreateProducts (20101024023952)
Migrating to AddPriceToProduct (20101024035954)
Migrating to AddTestData (20101024042018)
  [4;36;1mSQL (0.3ms)[0m   [0;1mSHOW TABLES[0m
  [4;35;1mSQL (0.1ms)[0m   [0mSELECT version FROM schema_migrations[0m
  [4;36;1mSQL (0.2ms)[0m   [0;1mSHOW TABLES[0m
  [4;35;1mSQL (1.0ms)[0m   [0mSHOW FIELDS FROM `products`[0m
  [4;36;1mSQL (1.1ms)[0m   [0;1mdescribe `products`[0m
  [4;35;1mSQL (0.2ms)[0m   [0mSHOW KEYS FROM `products`[0m
  [4;35;1mSQL (0.1ms)[0m   [0mSET NAMES 'utf8'[0m
  [4;36;1mSQL (0.4ms)[0m   [0;1mSET SQL_AUTO_IS_NULL=0[0m


Processing ProductsController#index (for 127.0.0.1 at 2010-10-24 00:29:19) [GET]
  [4;35;1mProduct Load (0.3ms)[0m   [0mSELECT * FROM `products` [0m
Rendering template within layouts/products
Rendering products/index
Completed in 6ms (View: 1, DB: 1) | 200 OK [http://localhost/products]
  [4;36;1mSQL (0.1ms)[0m   [0;1mSET NAMES 'utf8'[0m
  [4;35;1mSQL (0.1ms)[0m   [0mSET SQL_AUTO_IS_NULL=0[0m


Processing ProductsController#index (for 127.0.0.1 at 2010-10-24 00:29:19) [GET]
  [4;36;1mProduct Load (0.3ms)[0m   [0;1mSELECT * FROM `products` [0m
Rendering template within layouts/products
Rendering products/index
Completed in 67ms (View: 1, DB: 1) | 200 OK [http://localhost/products]
  [4;35;1mSQL (0.1ms)[0m   [0mSET NAMES 'utf8'[0m
  [4;36;1mSQL (0.1ms)[0m   [0;1mSET SQL_AUTO_IS_NULL=0[0m


Processing ProductsController#index (for 127.0.0.1 at 2010-10-24 00:29:20) [GET]
  [4;35;1mProduct Load (0.3ms)[0m   [0mSELECT * FROM `products` [0m
Rendering template within layouts/products
Rendering products/index
Completed in 6ms (View: 1, DB: 0) | 200 OK [http://localhost/products]
  [4;36;1mSQL (0.1ms)[0m   [0;1mSET NAMES 'utf8'[0m
  [4;35;1mSQL (0.1ms)[0m   [0mSET SQL_AUTO_IS_NULL=0[0m


Processing ProductsController#index (for 127.0.0.1 at 2010-10-24 00:29:41) [GET]
  [4;36;1mProduct Load (0.3ms)[0m   [0;1mSELECT * FROM `products` [0m
Rendering template within layouts/products
Rendering products/index
Completed in 6ms (View: 1, DB: 1) | 200 OK [http://localhost/products]
  [4;36;1mSQL (0.1ms)[0m   [0;1mSET NAMES 'utf8'[0m
  [4;35;1mSQL (0.1ms)[0m   [0mSET SQL_AUTO_IS_NULL=0[0m
  [4;36;1mSQL (0.2ms)[0m   [0;1mSHOW TABLES[0m
  [4;35;1mSQL (0.2ms)[0m   [0mSELECT version FROM schema_migrations[0m
Migrating to CreateProducts (20101024023952)
Migrating to AddPriceToProduct (20101024035954)
Migrating to AddTestData (20101024042018)
  [4;36;1mSQL (0.3ms)[0m   [0;1mSHOW TABLES[0m
  [4;35;1mSQL (0.1ms)[0m   [0mSELECT version FROM schema_migrations[0m
  [4;36;1mSQL (0.2ms)[0m   [0;1mSHOW TABLES[0m
  [4;35;1mSQL (1.0ms)[0m   [0mSHOW FIELDS FROM `products`[0m
  [4;36;1mSQL (1.3ms)[0m   [0;1mdescribe `products`[0m
  [4;35;1mSQL (0.2ms)[0m   [0mSHOW KEYS FROM `products`[0m
  [4;35;1mSQL (0.1ms)[0m   [0mSET NAMES 'utf8'[0m
  [4;36;1mSQL (0.1ms)[0m   [0;1mSET SQL_AUTO_IS_NULL=0[0m


Processing ProductsController#index (for 127.0.0.1 at 2010-10-24 00:29:46) [GET]
  [4;35;1mProduct Load (0.3ms)[0m   [0mSELECT * FROM `products` [0m
Rendering template within layouts/products
Rendering products/index
Completed in 5ms (View: 1, DB: 0) | 200 OK [http://localhost/products]
  [4;36;1mSQL (0.1ms)[0m   [0;1mSET NAMES 'utf8'[0m
  [4;35;1mSQL (0.1ms)[0m   [0mSET SQL_AUTO_IS_NULL=0[0m


Processing ProductsController#index (for 127.0.0.1 at 2010-10-24 00:29:56) [GET]
  [4;36;1mProduct Load (0.3ms)[0m   [0;1mSELECT * FROM `products` [0m
Rendering template within layouts/products
Rendering products/index
Completed in 5ms (View: 1, DB: 0) | 200 OK [http://localhost/products]
  [4;36;1mSQL (0.1ms)[0m   [0;1mSET NAMES 'utf8'[0m
  [4;35;1mSQL (0.1ms)[0m   [0mSET SQL_AUTO_IS_NULL=0[0m
  [4;36;1mSQL (0.2ms)[0m   [0;1mSHOW TABLES[0m
  [4;35;1mSQL (0.2ms)[0m   [0mSELECT version FROM schema_migrations[0m
Migrating to CreateProducts (20101024023952)
Migrating to AddPriceToProduct (20101024035954)
Migrating to AddTestData (20101024042018)
  [4;36;1mSQL (0.3ms)[0m   [0;1mSHOW TABLES[0m
  [4;35;1mSQL (0.1ms)[0m   [0mSELECT version FROM schema_migrations[0m
  [4;36;1mSQL (0.2ms)[0m   [0;1mSHOW TABLES[0m
  [4;35;1mSQL (1.0ms)[0m   [0mSHOW FIELDS FROM `products`[0m
  [4;36;1mSQL (1.2ms)[0m   [0;1mdescribe `products`[0m
  [4;35;1mSQL (0.4ms)[0m   [0mSHOW KEYS FROM `products`[0m
  [4;35;1mSQL (0.1ms)[0m   [0mSET NAMES 'utf8'[0m
  [4;36;1mSQL (0.1ms)[0m   [0;1mSET SQL_AUTO_IS_NULL=0[0m


Processing ProductsController#index (for 127.0.0.1 at 2010-10-24 00:30:03) [GET]
  [4;35;1mProduct Load (0.3ms)[0m   [0mSELECT * FROM `products` [0m
Rendering template within layouts/products
Rendering products/index
Completed in 5ms (View: 1, DB: 0) | 200 OK [http://localhost/products]
  [4;36;1mSQL (0.1ms)[0m   [0;1mSET NAMES 'utf8'[0m
  [4;35;1mSQL (0.1ms)[0m   [0mSET SQL_AUTO_IS_NULL=0[0m
  [4;36;1mSQL (0.2ms)[0m   [0;1mSHOW TABLES[0m
  [4;35;1mSQL (0.2ms)[0m   [0mSELECT version FROM schema_migrations[0m
Migrating to CreateProducts (20101024023952)
Migrating to AddPriceToProduct (20101024035954)
Migrating to AddTestData (20101024042018)
  [4;36;1mSQL (0.3ms)[0m   [0;1mSHOW TABLES[0m
  [4;35;1mSQL (0.1ms)[0m   [0mSELECT version FROM schema_migrations[0m
  [4;36;1mSQL (0.2ms)[0m   [0;1mSHOW TABLES[0m
  [4;35;1mSQL (1.0ms)[0m   [0mSHOW FIELDS FROM `products`[0m
  [4;36;1mSQL (1.4ms)[0m   [0;1mdescribe `products`[0m
  [4;35;1mSQL (0.3ms)[0m   [0mSHOW KEYS FROM `products`[0m
  [4;36;1mSQL (0.1ms)[0m   [0;1mSET NAMES 'utf8'[0m
  [4;35;1mSQL (0.1ms)[0m   [0mSET SQL_AUTO_IS_NULL=0[0m


Processing ProductsController#index (for 127.0.0.1 at 2010-10-24 00:30:55) [GET]
  [4;36;1mProduct Load (0.3ms)[0m   [0;1mSELECT * FROM `products` [0m
Rendering template within layouts/products
Rendering products/index
Completed in 5ms (View: 1, DB: 0) | 200 OK [http://localhost/products]
  [4;36;1mSQL (0.1ms)[0m   [0;1mSET NAMES 'utf8'[0m
  [4;35;1mSQL (0.1ms)[0m   [0mSET SQL_AUTO_IS_NULL=0[0m
  [4;36;1mSQL (0.2ms)[0m   [0;1mSHOW TABLES[0m
  [4;35;1mSQL (0.2ms)[0m   [0mSELECT version FROM schema_migrations[0m
Migrating to CreateProducts (20101024023952)
Migrating to AddPriceToProduct (20101024035954)
Migrating to AddTestData (20101024042018)
  [4;36;1mSQL (0.3ms)[0m   [0;1mSHOW TABLES[0m
  [4;35;1mSQL (0.1ms)[0m   [0mSELECT version FROM schema_migrations[0m
  [4;36;1mSQL (0.1ms)[0m   [0;1mSHOW TABLES[0m
  [4;35;1mSQL (1.1ms)[0m   [0mSHOW FIELDS FROM `products`[0m
  [4;36;1mSQL (1.2ms)[0m   [0;1mdescribe `products`[0m
  [4;35;1mSQL (0.4ms)[0m   [0mSHOW KEYS FROM `products`[0m
  [4;35;1mSQL (0.1ms)[0m   [0mSET NAMES 'utf8'[0m
  [4;36;1mSQL (0.1ms)[0m   [0;1mSET SQL_AUTO_IS_NULL=0[0m


Processing ProductsController#index (for 127.0.0.1 at 2010-10-24 00:32:04) [GET]
  [4;35;1mProduct Load (0.3ms)[0m   [0mSELECT * FROM `products` [0m
Rendering template within layouts/products
Rendering products/index
Completed in 5ms (View: 1, DB: 0) | 200 OK [http://localhost/products]
  [4;36;1mSQL (0.1ms)[0m   [0;1mSET NAMES 'utf8'[0m
  [4;35;1mSQL (0.1ms)[0m   [0mSET SQL_AUTO_IS_NULL=0[0m


Processing ProductsController#new (for 127.0.0.1 at 2010-10-24 00:32:06) [GET]
  [4;36;1mProduct Columns (1.1ms)[0m   [0;1mSHOW FIELDS FROM `products`[0m
Rendering template within layouts/products
Rendering products/new
Completed in 16ms (View: 10, DB: 1) | 200 OK [http://localhost/products/new]
  [4;35;1mSQL (0.1ms)[0m   [0mSET NAMES 'utf8'[0m
  [4;36;1mSQL (0.1ms)[0m   [0;1mSET SQL_AUTO_IS_NULL=0[0m


Processing ProductsController#create (for 127.0.0.1 at 2010-10-24 00:32:13) [POST]
  Parameters: {"commit"=>"Create", "authenticity_token"=>"bfpnw2kPusKobOYG/0MzJonO9s8XlRlS0HYFRgq0aVk=", "product"=>{"price"=>"0.0", "title"=>"Test", "description"=>"test"}}
  [4;35;1mProduct Columns (50.5ms)[0m   [0mSHOW FIELDS FROM `products`[0m
  [4;36;1mSQL (0.1ms)[0m   [0;1mBEGIN[0m
  [4;35;1mProduct Load (23.7ms)[0m   [0mSELECT `products`.id FROM `products` WHERE (`products`.`title` = BINARY 'Test') LIMIT 1[0m
  [4;36;1mSQL (19.4ms)[0m   [0;1mROLLBACK[0m
Rendering template within layouts/products
Rendering products/new
Completed in 172ms (View: 69, DB: 94) | 200 OK [http://localhost/products]
  [4;35;1mSQL (0.1ms)[0m   [0mSET NAMES 'utf8'[0m
  [4;36;1mSQL (0.1ms)[0m   [0;1mSET SQL_AUTO_IS_NULL=0[0m


Processing ProductsController#create (for 127.0.0.1 at 2010-10-24 00:32:19) [POST]
  Parameters: {"commit"=>"Create", "authenticity_token"=>"bfpnw2kPusKobOYG/0MzJonO9s8XlRlS0HYFRgq0aVk=", "product"=>{"price"=>"5.00", "title"=>"Test", "description"=>"test"}}
  [4;35;1mProduct Columns (1.2ms)[0m   [0mSHOW FIELDS FROM `products`[0m
  [4;36;1mSQL (2.1ms)[0m   [0;1mBEGIN[0m
  [4;35;1mProduct Load (0.2ms)[0m   [0mSELECT `products`.id FROM `products` WHERE (`products`.`title` = BINARY 'Test') LIMIT 1[0m
  [4;36;1mProduct Create (0.2ms)[0m   [0;1mINSERT INTO `products` (`price`, `created_at`, `title`, `updated_at`, `description`) VALUES(5.0, '2010-10-24 04:32:19', 'Test', '2010-10-24 04:32:19', 'test')[0m
  [4;35;1mSQL (0.4ms)[0m   [0mCOMMIT[0m
Redirected to http://localhost:3000/products/2
Completed in 13ms (DB: 4) | 302 Found [http://localhost/products]
  [4;36;1mSQL (0.1ms)[0m   [0;1mSET NAMES 'utf8'[0m
  [4;35;1mSQL (0.1ms)[0m   [0mSET SQL_AUTO_IS_NULL=0[0m


Processing ProductsController#show (for 127.0.0.1 at 2010-10-24 00:32:19) [GET]
  Parameters: {"id"=>"2"}
  [4;36;1mProduct Columns (1.4ms)[0m   [0;1mSHOW FIELDS FROM `products`[0m
  [4;35;1mProduct Load (0.2ms)[0m   [0mSELECT * FROM `products` WHERE (`products`.`id` = 2) [0m
Rendering template within layouts/products
Rendering products/show
Completed in 12ms (View: 6, DB: 2) | 200 OK [http://localhost/products/2]
  [4;36;1mSQL (0.1ms)[0m   [0;1mSET NAMES 'utf8'[0m
  [4;35;1mSQL (0.1ms)[0m   [0mSET SQL_AUTO_IS_NULL=0[0m


Processing ProductsController#show (for 127.0.0.1 at 2010-10-24 00:32:23) [GET]
  Parameters: {"id"=>"2"}
  [4;36;1mProduct Columns (1.2ms)[0m   [0;1mSHOW FIELDS FROM `products`[0m
  [4;35;1mProduct Load (0.2ms)[0m   [0mSELECT * FROM `products` WHERE (`products`.`id` = 2) [0m
Rendering template within layouts/products
Rendering products/show
Completed in 8ms (View: 2, DB: 2) | 200 OK [http://localhost/products/2]
  [4;36;1mSQL (0.1ms)[0m   [0;1mSET NAMES 'utf8'[0m
  [4;35;1mSQL (0.1ms)[0m   [0mSET SQL_AUTO_IS_NULL=0[0m
  [4;36;1mSQL (0.2ms)[0m   [0;1mSHOW TABLES[0m
  [4;35;1mSQL (0.2ms)[0m   [0mSELECT version FROM schema_migrations[0m
Migrating to CreateProducts (20101024023952)
Migrating to AddPriceToProduct (20101024035954)
Migrating to AddTestData (20101024042018)
  [4;36;1mSQL (0.3ms)[0m   [0;1mSHOW TABLES[0m
  [4;35;1mSQL (0.1ms)[0m   [0mSELECT version FROM schema_migrations[0m
  [4;36;1mSQL (0.2ms)[0m   [0;1mSHOW TABLES[0m
  [4;35;1mSQL (1.0ms)[0m   [0mSHOW FIELDS FROM `products`[0m
  [4;36;1mSQL (1.0ms)[0m   [0;1mdescribe `products`[0m
  [4;35;1mSQL (0.5ms)[0m   [0mSHOW KEYS FROM `products`[0m
  [4;36;1mSQL (0.1ms)[0m   [0;1mSET NAMES 'utf8'[0m
  [4;35;1mSQL (0.1ms)[0m   [0mSET SQL_AUTO_IS_NULL=0[0m


Processing ProductsController#show (for 127.0.0.1 at 2010-10-24 00:32:45) [GET]
  Parameters: {"id"=>"2"}
  [4;36;1mProduct Columns (1.2ms)[0m   [0;1mSHOW FIELDS FROM `products`[0m
  [4;35;1mProduct Load (0.2ms)[0m   [0mSELECT * FROM `products` WHERE (`products`.`id` = 2) [0m
Rendering template within layouts/products
Rendering products/show
Completed in 8ms (View: 2, DB: 2) | 200 OK [http://localhost/products/2]
  [4;36;1mSQL (0.1ms)[0m   [0;1mSET NAMES 'utf8'[0m
  [4;35;1mSQL (0.1ms)[0m   [0mSET SQL_AUTO_IS_NULL=0[0m


Processing ProductsController#show (for 127.0.0.1 at 2010-10-24 00:32:47) [GET]
  Parameters: {"id"=>"2"}
  [4;36;1mProduct Columns (1.3ms)[0m   [0;1mSHOW FIELDS FROM `products`[0m
  [4;35;1mProduct Load (0.2ms)[0m   [0mSELECT * FROM `products` WHERE (`products`.`id` = 2) [0m
Rendering template within layouts/products
Rendering products/show
Completed in 8ms (View: 2, DB: 2) | 200 OK [http://localhost/products/2]
  [4;36;1mSQL (0.1ms)[0m   [0;1mSET NAMES 'utf8'[0m
  [4;35;1mSQL (0.1ms)[0m   [0mSET SQL_AUTO_IS_NULL=0[0m
  [4;36;1mSQL (0.2ms)[0m   [0;1mSHOW TABLES[0m
  [4;35;1mSQL (0.2ms)[0m   [0mSELECT version FROM schema_migrations[0m
Migrating to CreateProducts (20101024023952)
Migrating to AddPriceToProduct (20101024035954)
Migrating to AddTestData (20101024042018)
  [4;36;1mSQL (0.3ms)[0m   [0;1mSHOW TABLES[0m
  [4;35;1mSQL (0.1ms)[0m   [0mSELECT version FROM schema_migrations[0m
  [4;36;1mSQL (0.1ms)[0m   [0;1mSHOW TABLES[0m
  [4;35;1mSQL (1.1ms)[0m   [0mSHOW FIELDS FROM `products`[0m
  [4;36;1mSQL (1.2ms)[0m   [0;1mdescribe `products`[0m
  [4;35;1mSQL (0.2ms)[0m   [0mSHOW KEYS FROM `products`[0m
  [4;36;1mSQL (0.1ms)[0m   [0;1mSET NAMES 'utf8'[0m
  [4;35;1mSQL (0.1ms)[0m   [0mSET SQL_AUTO_IS_NULL=0[0m
  [4;36;1mSQL (0.2ms)[0m   [0;1mSHOW TABLES[0m
  [4;35;1mSQL (0.2ms)[0m   [0mSELECT version FROM schema_migrations[0m
  [4;36;1mSQL (0.2ms)[0m   [0;1mSHOW TABLES[0m
  [4;35;1mSQL (0.1ms)[0m   [0mSELECT version FROM schema_migrations[0m
  [4;36;1mSQL (0.1ms)[0m   [0;1mSHOW TABLES[0m
  [4;35;1mSQL (0.1ms)[0m   [0mSELECT version FROM schema_migrations[0m
Migrating to CreateProducts (20101024023952)
Migrating to AddPriceToProduct (20101024035954)
Migrating to AddTestData (20101024042018)
  [4;36;1mSQL (0.3ms)[0m   [0;1mSHOW TABLES[0m
  [4;35;1mSQL (0.1ms)[0m   [0mSELECT version FROM schema_migrations[0m
  [4;36;1mSQL (0.2ms)[0m   [0;1mSHOW TABLES[0m
  [4;35;1mSQL (1.0ms)[0m   [0mSHOW FIELDS FROM `products`[0m
  [4;36;1mSQL (1.2ms)[0m   [0;1mdescribe `products`[0m
  [4;35;1mSQL (0.4ms)[0m   [0mSHOW KEYS FROM `products`[0m
  [4;36;1mSQL (0.1ms)[0m   [0;1mSET NAMES 'utf8'[0m
  [4;35;1mSQL (0.1ms)[0m   [0mSET SQL_AUTO_IS_NULL=0[0m
  [4;36;1mSQL (0.2ms)[0m   [0;1mSHOW TABLES[0m
  [4;35;1mSQL (0.2ms)[0m   [0mSELECT version FROM schema_migrations[0m
Migrating to CreateProducts (20101024023952)
Migrating to AddPriceToProduct (20101024035954)
Migrating to AddTestData (20101024042018)
  [4;36;1mSQL (0.3ms)[0m   [0;1mSHOW TABLES[0m
  [4;35;1mSQL (0.1ms)[0m   [0mSELECT version FROM schema_migrations[0m
  [4;36;1mSQL (0.1ms)[0m   [0;1mSHOW TABLES[0m
  [4;35;1mSQL (1.0ms)[0m   [0mSHOW FIELDS FROM `products`[0m
  [4;36;1mSQL (1.1ms)[0m   [0;1mdescribe `products`[0m
  [4;35;1mSQL (0.2ms)[0m   [0mSHOW KEYS FROM `products`[0m
  [4;36;1mSQL (0.1ms)[0m   [0;1mSET NAMES 'utf8'[0m
  [4;35;1mSQL (0.1ms)[0m   [0mSET SQL_AUTO_IS_NULL=0[0m


Processing ProductsController#show (for 127.0.0.1 at 2010-10-24 00:33:41) [GET]
  Parameters: {"id"=>"2"}
  [4;36;1mProduct Columns (1.1ms)[0m   [0;1mSHOW FIELDS FROM `products`[0m
  [4;35;1mProduct Load (0.2ms)[0m   [0mSELECT * FROM `products` WHERE (`products`.`id` = 2) [0m
Rendering template within layouts/products
Rendering products/show
Completed in 8ms (View: 2, DB: 2) | 200 OK [http://localhost/products/2]
  [4;36;1mSQL (0.1ms)[0m   [0;1mSET NAMES 'utf8'[0m
  [4;35;1mSQL (0.1ms)[0m   [0mSET SQL_AUTO_IS_NULL=0[0m


Processing ProductsController#show (for 127.0.0.1 at 2010-10-24 00:33:43) [GET]
  Parameters: {"id"=>"2"}
  [4;36;1mProduct Columns (1.1ms)[0m   [0;1mSHOW FIELDS FROM `products`[0m
  [4;35;1mProduct Load (0.2ms)[0m   [0mSELECT * FROM `products` WHERE (`products`.`id` = 2) [0m
Rendering template within layouts/products
Rendering products/show
Completed in 8ms (View: 3, DB: 2) | 200 OK [http://localhost/products/2]
  [4;36;1mSQL (0.1ms)[0m   [0;1mSET NAMES 'utf8'[0m
  [4;35;1mSQL (0.1ms)[0m   [0mSET SQL_AUTO_IS_NULL=0[0m
  [4;36;1mSQL (0.2ms)[0m   [0;1mSHOW TABLES[0m
  [4;35;1mSQL (0.2ms)[0m   [0mSELECT version FROM schema_migrations[0m
  [4;36;1mSQL (0.2ms)[0m   [0;1mSHOW TABLES[0m
  [4;35;1mSQL (0.1ms)[0m   [0mSELECT version FROM schema_migrations[0m
  [4;36;1mSQL (0.1ms)[0m   [0;1mSHOW TABLES[0m
  [4;35;1mSQL (0.1ms)[0m   [0mSELECT version FROM schema_migrations[0m
Migrating to CreateProducts (20101024023952)
Migrating to AddPriceToProduct (20101024035954)
Migrating to AddTestData (20101024042018)
  [4;36;1mSQL (0.3ms)[0m   [0;1mSHOW TABLES[0m
  [4;35;1mSQL (0.1ms)[0m   [0mSELECT version FROM schema_migrations[0m
  [4;36;1mSQL (0.1ms)[0m   [0;1mSHOW TABLES[0m
  [4;35;1mSQL (1.2ms)[0m   [0mSHOW FIELDS FROM `products`[0m
  [4;36;1mSQL (1.2ms)[0m   [0;1mdescribe `products`[0m
  [4;35;1mSQL (0.2ms)[0m   [0mSHOW KEYS FROM `products`[0m
  [4;36;1mSQL (0.1ms)[0m   [0;1mSET NAMES 'utf8'[0m
  [4;35;1mSQL (0.1ms)[0m   [0mSET SQL_AUTO_IS_NULL=0[0m
  [4;36;1mSQL (0.2ms)[0m   [0;1mSHOW TABLES[0m
  [4;35;1mSQL (0.2ms)[0m   [0mSELECT version FROM schema_migrations[0m
Migrating to CreateProducts (20101024023952)
Migrating to AddPriceToProduct (20101024035954)
Migrating to AddTestData (20101024042018)
  [4;36;1mSQL (0.3ms)[0m   [0;1mSHOW TABLES[0m
  [4;35;1mSQL (0.1ms)[0m   [0mSELECT version FROM schema_migrations[0m
  [4;36;1mSQL (0.2ms)[0m   [0;1mSHOW TABLES[0m
  [4;35;1mSQL (1.0ms)[0m   [0mSHOW FIELDS FROM `products`[0m
  [4;36;1mSQL (1.6ms)[0m   [0;1mdescribe `products`[0m
  [4;35;1mSQL (0.3ms)[0m   [0mSHOW KEYS FROM `products`[0m
  [4;36;1mSQL (0.1ms)[0m   [0;1mSET NAMES 'utf8'[0m
  [4;35;1mSQL (0.1ms)[0m   [0mSET SQL_AUTO_IS_NULL=0[0m
  [4;36;1mSQL (0.2ms)[0m   [0;1mSHOW TABLES[0m
  [4;35;1mSQL (0.2ms)[0m   [0mSELECT version FROM schema_migrations[0m
Migrating to CreateProducts (20101024023952)
Migrating to AddPriceToProduct (20101024035954)
Migrating to AddTestData (20101024042018)
  [4;36;1mProduct Delete all (60.5ms)[0m   [0;1mDELETE FROM `products` [0m
  [4;35;1mProduct Columns (1.5ms)[0m   [0mSHOW FIELDS FROM `products`[0m
  [4;36;1mSQL (0.1ms)[0m   [0;1mBEGIN[0m
  [4;35;1mProduct Load (0.2ms)[0m   [0mSELECT `products`.id FROM `products` WHERE (`products`.`title` = BINARY 'Sample Product') LIMIT 1[0m
  [4;36;1mProduct Create (0.2ms)[0m   [0;1mINSERT INTO `products` (`price`, `created_at`, `title`, `updated_at`, `description`) VALUES(50.0, '2010-10-24 04:34:52', 'Sample Product', '2010-10-24 04:34:52', '<p>Lorem ipsum delorme. Lorem ipsum delorme. Lorem ipsum delorme. Lorem ipsum delorme.</p>')[0m
  [4;35;1mSQL (0.6ms)[0m   [0mCOMMIT[0m
  [4;36;1mSQL (0.6ms)[0m   [0;1mINSERT INTO schema_migrations (version) VALUES ('20101024042018')[0m
  [4;35;1mSQL (0.3ms)[0m   [0mSHOW TABLES[0m
  [4;36;1mSQL (0.2ms)[0m   [0;1mSELECT version FROM schema_migrations[0m
  [4;35;1mSQL (0.2ms)[0m   [0mSHOW TABLES[0m
  [4;36;1mSQL (1.2ms)[0m   [0;1mSHOW FIELDS FROM `products`[0m
  [4;35;1mSQL (1.4ms)[0m   [0mdescribe `products`[0m
  [4;36;1mSQL (0.5ms)[0m   [0;1mSHOW KEYS FROM `products`[0m
  [4;36;1mSQL (1.7ms)[0m   [0;1mSET NAMES 'utf8'[0m
  [4;35;1mSQL (0.1ms)[0m   [0mSET SQL_AUTO_IS_NULL=0[0m


Processing ProductsController#show (for 127.0.0.1 at 2010-10-24 00:34:56) [GET]
  Parameters: {"id"=>"2"}
  [4;36;1mProduct Columns (1.2ms)[0m   [0;1mSHOW FIELDS FROM `products`[0m
  [4;35;1mProduct Load (0.2ms)[0m   [0mSELECT * FROM `products` WHERE (`products`.`id` = 2) [0m

ActiveRecord::RecordNotFound (Couldn't find Product with ID=2):
  app/controllers/products_controller.rb:16:in `show'

Rendered rescues/_trace (93.8ms)
Rendered rescues/_request_and_response (1.2ms)
Rendering rescues/layout (not_found)
  [4;36;1mSQL (0.1ms)[0m   [0;1mSET NAMES 'utf8'[0m
  [4;35;1mSQL (0.1ms)[0m   [0mSET SQL_AUTO_IS_NULL=0[0m


Processing ProductsController#index (for 127.0.0.1 at 2010-10-24 00:35:00) [GET]
  [4;36;1mProduct Load (0.3ms)[0m   [0;1mSELECT * FROM `products` [0m
Rendering template within layouts/products
Rendering products/index
  [4;35;1mProduct Columns (1.1ms)[0m   [0mSHOW FIELDS FROM `products`[0m
Completed in 10ms (View: 5, DB: 2) | 200 OK [http://localhost/products]
  [4;36;1mSQL (0.1ms)[0m   [0;1mSET NAMES 'utf8'[0m
  [4;35;1mSQL (0.1ms)[0m   [0mSET SQL_AUTO_IS_NULL=0[0m


Processing ProductsController#index (for 127.0.0.1 at 2010-10-24 00:35:03) [GET]
  [4;36;1mProduct Load (0.3ms)[0m   [0;1mSELECT * FROM `products` [0m
Rendering template within layouts/products
Rendering products/index
  [4;35;1mProduct Columns (1.1ms)[0m   [0mSHOW FIELDS FROM `products`[0m
Completed in 11ms (View: 5, DB: 2) | 200 OK [http://localhost/products]
  [4;36;1mSQL (0.1ms)[0m   [0;1mSET NAMES 'utf8'[0m
  [4;35;1mSQL (0.1ms)[0m   [0mSET SQL_AUTO_IS_NULL=0[0m
  [4;36;1mSQL (0.2ms)[0m   [0;1mSHOW TABLES[0m
  [4;35;1mSQL (0.2ms)[0m   [0mSELECT version FROM schema_migrations[0m
Migrating to CreateProducts (20101024023952)
Migrating to AddPriceToProduct (20101024035954)
Migrating to AddTestData (20101024042018)
  [4;36;1mSQL (0.3ms)[0m   [0;1mSHOW TABLES[0m
  [4;35;1mSQL (0.1ms)[0m   [0mSELECT version FROM schema_migrations[0m
  [4;36;1mSQL (0.2ms)[0m   [0;1mSHOW TABLES[0m
  [4;35;1mSQL (1.3ms)[0m   [0mSHOW FIELDS FROM `products`[0m
  [4;36;1mSQL (1.7ms)[0m   [0;1mdescribe `products`[0m
  [4;35;1mSQL (0.2ms)[0m   [0mSHOW KEYS FROM `products`[0m
  [4;36;1mSQL (0.1ms)[0m   [0;1mSET NAMES 'utf8'[0m
  [4;35;1mSQL (0.1ms)[0m   [0mSET SQL_AUTO_IS_NULL=0[0m
  [4;36;1mSQL (0.2ms)[0m   [0;1mSHOW TABLES[0m
  [4;35;1mSQL (0.2ms)[0m   [0mSELECT version FROM schema_migrations[0m
Migrating to CreateProducts (20101024023952)
Migrating to AddPriceToProduct (20101024035954)
Migrating to AddTestData (20101024042018)
  [4;36;1mProduct Delete all (0.7ms)[0m   [0;1mDELETE FROM `products` [0m
  [4;36;1mSQL (0.1ms)[0m   [0;1mSET NAMES 'utf8'[0m
  [4;35;1mSQL (0.1ms)[0m   [0mSET SQL_AUTO_IS_NULL=0[0m
  [4;36;1mSQL (0.2ms)[0m   [0;1mSHOW TABLES[0m
  [4;35;1mSQL (0.2ms)[0m   [0mSELECT version FROM schema_migrations[0m
Migrating to CreateProducts (20101024023952)
Migrating to AddPriceToProduct (20101024035954)
Migrating to AddTestData (20101024042018)
  [4;36;1mProduct Delete all (0.2ms)[0m   [0;1mDELETE FROM `products` [0m
  [4;36;1mSQL (0.1ms)[0m   [0;1mSET NAMES 'utf8'[0m
  [4;35;1mSQL (0.1ms)[0m   [0mSET SQL_AUTO_IS_NULL=0[0m
  [4;36;1mSQL (0.2ms)[0m   [0;1mSHOW TABLES[0m
  [4;35;1mSQL (0.2ms)[0m   [0mSELECT version FROM schema_migrations[0m
Migrating to CreateProducts (20101024023952)
Migrating to AddPriceToProduct (20101024035954)
Migrating to AddTestData (20101024042018)
  [4;36;1mProduct Delete all (0.2ms)[0m   [0;1mDELETE FROM `products` [0m
  [4;35;1mProduct Columns (1.2ms)[0m   [0mSHOW FIELDS FROM `products`[0m
  [4;36;1mSQL (0.1ms)[0m   [0;1mBEGIN[0m
  [4;35;1mProduct Load (0.2ms)[0m   [0mSELECT `products`.id FROM `products` WHERE (`products`.`title` = BINARY 'Sample Product 0') LIMIT 1[0m
  [4;36;1mProduct Create (0.2ms)[0m   [0;1mINSERT INTO `products` (`price`, `created_at`, `title`, `updated_at`, `description`) VALUES(50.0, '2010-10-24 04:40:10', 'Sample Product 0', '2010-10-24 04:40:10', '<p>Lorem ipsum delorme. Lorem ipsum delorme. Lorem ipsum delorme. Lorem ipsum delorme.</p>')[0m
  [4;35;1mSQL (0.6ms)[0m   [0mCOMMIT[0m
  [4;36;1mSQL (0.1ms)[0m   [0;1mBEGIN[0m
  [4;35;1mProduct Load (36.4ms)[0m   [0mSELECT `products`.id FROM `products` WHERE (`products`.`title` = BINARY 'Sample Product 1') LIMIT 1[0m
  [4;36;1mProduct Create (0.3ms)[0m   [0;1mINSERT INTO `products` (`price`, `created_at`, `title`, `updated_at`, `description`) VALUES(50.0, '2010-10-24 04:40:10', 'Sample Product 1', '2010-10-24 04:40:10', '<p>Lorem ipsum delorme. Lorem ipsum delorme. Lorem ipsum delorme. Lorem ipsum delorme.</p>')[0m
  [4;35;1mSQL (0.5ms)[0m   [0mCOMMIT[0m
  [4;36;1mSQL (0.1ms)[0m   [0;1mBEGIN[0m
  [4;35;1mProduct Load (0.2ms)[0m   [0mSELECT `products`.id FROM `products` WHERE (`products`.`title` = BINARY 'Sample Product 2') LIMIT 1[0m
  [4;36;1mProduct Create (0.2ms)[0m   [0;1mINSERT INTO `products` (`price`, `created_at`, `title`, `updated_at`, `description`) VALUES(50.0, '2010-10-24 04:40:10', 'Sample Product 2', '2010-10-24 04:40:10', '<p>Lorem ipsum delorme. Lorem ipsum delorme. Lorem ipsum delorme. Lorem ipsum delorme.</p>')[0m
  [4;35;1mSQL (0.5ms)[0m   [0mCOMMIT[0m
  [4;36;1mSQL (0.1ms)[0m   [0;1mBEGIN[0m
  [4;35;1mProduct Load (0.2ms)[0m   [0mSELECT `products`.id FROM `products` WHERE (`products`.`title` = BINARY 'Sample Product 3') LIMIT 1[0m
  [4;36;1mProduct Create (0.1ms)[0m   [0;1mINSERT INTO `products` (`price`, `created_at`, `title`, `updated_at`, `description`) VALUES(50.0, '2010-10-24 04:40:10', 'Sample Product 3', '2010-10-24 04:40:10', '<p>Lorem ipsum delorme. Lorem ipsum delorme. Lorem ipsum delorme. Lorem ipsum delorme.</p>')[0m
  [4;35;1mSQL (0.8ms)[0m   [0mCOMMIT[0m
  [4;36;1mSQL (0.1ms)[0m   [0;1mBEGIN[0m
  [4;35;1mProduct Load (0.2ms)[0m   [0mSELECT `products`.id FROM `products` WHERE (`products`.`title` = BINARY 'Sample Product 4') LIMIT 1[0m
  [4;36;1mProduct Create (0.2ms)[0m   [0;1mINSERT INTO `products` (`price`, `created_at`, `title`, `updated_at`, `description`) VALUES(50.0, '2010-10-24 04:40:10', 'Sample Product 4', '2010-10-24 04:40:10', '<p>Lorem ipsum delorme. Lorem ipsum delorme. Lorem ipsum delorme. Lorem ipsum delorme.</p>')[0m
  [4;35;1mSQL (0.5ms)[0m   [0mCOMMIT[0m
  [4;36;1mSQL (0.1ms)[0m   [0;1mBEGIN[0m
  [4;35;1mProduct Load (0.2ms)[0m   [0mSELECT `products`.id FROM `products` WHERE (`products`.`title` = BINARY 'Sample Product 5') LIMIT 1[0m
  [4;36;1mProduct Create (0.1ms)[0m   [0;1mINSERT INTO `products` (`price`, `created_at`, `title`, `updated_at`, `description`) VALUES(50.0, '2010-10-24 04:40:10', 'Sample Product 5', '2010-10-24 04:40:10', '<p>Lorem ipsum delorme. Lorem ipsum delorme. Lorem ipsum delorme. Lorem ipsum delorme.</p>')[0m
  [4;35;1mSQL (0.6ms)[0m   [0mCOMMIT[0m
  [4;36;1mSQL (0.1ms)[0m   [0;1mBEGIN[0m
  [4;35;1mProduct Load (0.2ms)[0m   [0mSELECT `products`.id FROM `products` WHERE (`products`.`title` = BINARY 'Sample Product 6') LIMIT 1[0m
  [4;36;1mProduct Create (0.1ms)[0m   [0;1mINSERT INTO `products` (`price`, `created_at`, `title`, `updated_at`, `description`) VALUES(50.0, '2010-10-24 04:40:10', 'Sample Product 6', '2010-10-24 04:40:10', '<p>Lorem ipsum delorme. Lorem ipsum delorme. Lorem ipsum delorme. Lorem ipsum delorme.</p>')[0m
  [4;35;1mSQL (0.5ms)[0m   [0mCOMMIT[0m
  [4;36;1mSQL (0.1ms)[0m   [0;1mBEGIN[0m
  [4;35;1mProduct Load (0.2ms)[0m   [0mSELECT `products`.id FROM `products` WHERE (`products`.`title` = BINARY 'Sample Product 7') LIMIT 1[0m
  [4;36;1mProduct Create (0.1ms)[0m   [0;1mINSERT INTO `products` (`price`, `created_at`, `title`, `updated_at`, `description`) VALUES(50.0, '2010-10-24 04:40:10', 'Sample Product 7', '2010-10-24 04:40:10', '<p>Lorem ipsum delorme. Lorem ipsum delorme. Lorem ipsum delorme. Lorem ipsum delorme.</p>')[0m
  [4;35;1mSQL (0.5ms)[0m   [0mCOMMIT[0m
  [4;36;1mSQL (0.1ms)[0m   [0;1mBEGIN[0m
  [4;35;1mProduct Load (0.2ms)[0m   [0mSELECT `products`.id FROM `products` WHERE (`products`.`title` = BINARY 'Sample Product 8') LIMIT 1[0m
  [4;36;1mProduct Create (0.1ms)[0m   [0;1mINSERT INTO `products` (`price`, `created_at`, `title`, `updated_at`, `description`) VALUES(50.0, '2010-10-24 04:40:10', 'Sample Product 8', '2010-10-24 04:40:10', '<p>Lorem ipsum delorme. Lorem ipsum delorme. Lorem ipsum delorme. Lorem ipsum delorme.</p>')[0m
  [4;35;1mSQL (0.6ms)[0m   [0mCOMMIT[0m
  [4;36;1mSQL (0.1ms)[0m   [0;1mBEGIN[0m
  [4;35;1mProduct Load (0.2ms)[0m   [0mSELECT `products`.id FROM `products` WHERE (`products`.`title` = BINARY 'Sample Product 9') LIMIT 1[0m
  [4;36;1mProduct Create (0.1ms)[0m   [0;1mINSERT INTO `products` (`price`, `created_at`, `title`, `updated_at`, `description`) VALUES(50.0, '2010-10-24 04:40:10', 'Sample Product 9', '2010-10-24 04:40:10', '<p>Lorem ipsum delorme. Lorem ipsum delorme. Lorem ipsum delorme. Lorem ipsum delorme.</p>')[0m
  [4;35;1mSQL (0.5ms)[0m   [0mCOMMIT[0m
  [4;36;1mSQL (0.5ms)[0m   [0;1mINSERT INTO schema_migrations (version) VALUES ('20101024042018')[0m
  [4;35;1mSQL (0.3ms)[0m   [0mSHOW TABLES[0m
  [4;36;1mSQL (0.1ms)[0m   [0;1mSELECT version FROM schema_migrations[0m
  [4;35;1mSQL (0.2ms)[0m   [0mSHOW TABLES[0m
  [4;36;1mSQL (1.1ms)[0m   [0;1mSHOW FIELDS FROM `products`[0m
  [4;35;1mSQL (1.5ms)[0m   [0mdescribe `products`[0m
  [4;36;1mSQL (0.4ms)[0m   [0;1mSHOW KEYS FROM `products`[0m
  [4;36;1mSQL (0.5ms)[0m   [0;1mSET NAMES 'utf8'[0m
  [4;35;1mSQL (0.1ms)[0m   [0mSET SQL_AUTO_IS_NULL=0[0m


Processing ProductsController#index (for 127.0.0.1 at 2010-10-24 00:40:15) [GET]
  [4;36;1mProduct Load (0.3ms)[0m   [0;1mSELECT * FROM `products` [0m
Rendering template within layouts/products
Rendering products/index
  [4;35;1mProduct Columns (1.1ms)[0m   [0mSHOW FIELDS FROM `products`[0m
Completed in 30ms (View: 24, DB: 2) | 200 OK [http://localhost/products]
  [4;36;1mSQL (0.1ms)[0m   [0;1mSET NAMES 'utf8'[0m
  [4;35;1mSQL (0.1ms)[0m   [0mSET SQL_AUTO_IS_NULL=0[0m


Processing ProductsController#index (for 127.0.0.1 at 2010-10-24 00:54:34) [GET]
  [4;36;1mProduct Load (0.4ms)[0m   [0;1mSELECT * FROM `products` [0m
Rendering template within layouts/products
Rendering products/index
  [4;35;1mProduct Columns (1.3ms)[0m   [0mSHOW FIELDS FROM `products`[0m
Completed in 107ms (View: 99, DB: 2) | 200 OK [http://localhost/products]
  [4;36;1mSQL (0.1ms)[0m   [0;1mSET NAMES 'utf8'[0m
  [4;35;1mSQL (0.1ms)[0m   [0mSET SQL_AUTO_IS_NULL=0[0m


Processing ProductsController#new (for 127.0.0.1 at 2010-10-24 00:55:21) [GET]
  [4;36;1mProduct Columns (1.5ms)[0m   [0;1mSHOW FIELDS FROM `products`[0m
Rendering template within layouts/products
Rendering products/new
Completed in 103ms (View: 97, DB: 2) | 200 OK [http://localhost/products/new]
  [4;35;1mSQL (0.1ms)[0m   [0mSET NAMES 'utf8'[0m
  [4;36;1mSQL (0.1ms)[0m   [0;1mSET SQL_AUTO_IS_NULL=0[0m


Processing ProductsController#index (for 127.0.0.1 at 2010-10-24 00:55:26) [GET]
  [4;35;1mProduct Load (0.3ms)[0m   [0mSELECT * FROM `products` [0m
Rendering template within layouts/products
Rendering products/index
  [4;36;1mProduct Columns (1.2ms)[0m   [0;1mSHOW FIELDS FROM `products`[0m
Completed in 31ms (View: 26, DB: 2) | 200 OK [http://localhost/products]
  [4;35;1mSQL (0.1ms)[0m   [0mSET NAMES 'utf8'[0m
  [4;36;1mSQL (0.1ms)[0m   [0;1mSET SQL_AUTO_IS_NULL=0[0m


Processing ProductsController#show (for 127.0.0.1 at 2010-10-24 00:55:31) [GET]
  Parameters: {"id"=>"4"}
  [4;35;1mProduct Columns (1.2ms)[0m   [0mSHOW FIELDS FROM `products`[0m
  [4;36;1mProduct Load (0.2ms)[0m   [0;1mSELECT * FROM `products` WHERE (`products`.`id` = 4) [0m
Rendering template within layouts/products
Rendering products/show
Completed in 9ms (View: 3, DB: 2) | 200 OK [http://localhost/products/4]
  [4;35;1mSQL (0.2ms)[0m   [0mSET NAMES 'utf8'[0m
  [4;36;1mSQL (0.1ms)[0m   [0;1mSET SQL_AUTO_IS_NULL=0[0m


Processing ProductsController#index (for 127.0.0.1 at 2010-10-24 00:55:33) [GET]
  [4;35;1mProduct Load (0.3ms)[0m   [0mSELECT * FROM `products` [0m
Rendering template within layouts/products
Rendering products/index
  [4;36;1mProduct Columns (1.1ms)[0m   [0;1mSHOW FIELDS FROM `products`[0m
Completed in 30ms (View: 25, DB: 2) | 200 OK [http://localhost/products]
  [4;35;1mSQL (0.4ms)[0m   [0mSET NAMES 'utf8'[0m
  [4;36;1mSQL (0.7ms)[0m   [0;1mSET SQL_AUTO_IS_NULL=0[0m


Processing ProductsController#edit (for 127.0.0.1 at 2010-10-24 00:56:50) [GET]
  Parameters: {"id"=>"13"}
  [4;35;1mProduct Columns (1.2ms)[0m   [0mSHOW FIELDS FROM `products`[0m
  [4;36;1mProduct Load (0.2ms)[0m   [0;1mSELECT * FROM `products` WHERE (`products`.`id` = 13) [0m
Rendering template within layouts/products
Rendering products/edit
Completed in 18ms (View: 13, DB: 2) | 200 OK [http://localhost/products/13/edit]
  [4;35;1mSQL (0.1ms)[0m   [0mSET NAMES 'utf8'[0m
  [4;36;1mSQL (0.1ms)[0m   [0;1mSET SQL_AUTO_IS_NULL=0[0m


Processing ProductsController#update (for 127.0.0.1 at 2010-10-24 00:56:59) [PUT]
  Parameters: {"commit"=>"Update", "authenticity_token"=>"bfpnw2kPusKobOYG/0MzJonO9s8XlRlS0HYFRgq0aVk=", "id"=>"13", "product"=>{"price"=>"5.00", "title"=>"Sample Product 9", "description"=>"<p>Lorem ipsum delorme.  Lorem ipsum delorme.  Lorem ipsum delorme.  Lorem ipsum delorme.</p>"}}
  [4;35;1mProduct Columns (1.2ms)[0m   [0mSHOW FIELDS FROM `products`[0m
  [4;36;1mProduct Load (0.2ms)[0m   [0;1mSELECT * FROM `products` WHERE (`products`.`id` = 13) [0m
  [4;35;1mSQL (0.1ms)[0m   [0mBEGIN[0m
  [4;36;1mProduct Load (0.3ms)[0m   [0;1mSELECT `products`.id FROM `products` WHERE (`products`.`title` = BINARY 'Sample Product 9' AND `products`.id <> 13) LIMIT 1[0m
  [4;35;1mProduct Update (0.2ms)[0m   [0mUPDATE `products` SET `updated_at` = '2010-10-24 04:57:00', `price` = 5.0 WHERE `id` = 13[0m
  [4;36;1mSQL (0.6ms)[0m   [0;1mCOMMIT[0m
Redirected to http://localhost:3000/products/13
Completed in 11ms (DB: 3) | 302 Found [http://localhost/products/13]
  [4;35;1mSQL (0.1ms)[0m   [0mSET NAMES 'utf8'[0m
  [4;36;1mSQL (0.1ms)[0m   [0;1mSET SQL_AUTO_IS_NULL=0[0m


Processing ProductsController#show (for 127.0.0.1 at 2010-10-24 00:57:00) [GET]
  Parameters: {"id"=>"13"}
  [4;35;1mProduct Columns (1.4ms)[0m   [0mSHOW FIELDS FROM `products`[0m
  [4;36;1mProduct Load (0.3ms)[0m   [0;1mSELECT * FROM `products` WHERE (`products`.`id` = 13) [0m
Rendering template within layouts/products
Rendering products/show
Completed in 9ms (View: 2, DB: 2) | 200 OK [http://localhost/products/13]
  [4;35;1mSQL (0.1ms)[0m   [0mSET NAMES 'utf8'[0m
  [4;36;1mSQL (0.1ms)[0m   [0;1mSET SQL_AUTO_IS_NULL=0[0m


Processing ProductsController#index (for 127.0.0.1 at 2010-10-24 00:57:02) [GET]
  [4;35;1mProduct Load (0.3ms)[0m   [0mSELECT * FROM `products` [0m
Rendering template within layouts/products
Rendering products/index
  [4;36;1mProduct Columns (1.0ms)[0m   [0;1mSHOW FIELDS FROM `products`[0m
Completed in 31ms (View: 25, DB: 2) | 200 OK [http://localhost/products]
  [4;35;1mSQL (0.1ms)[0m   [0mSET NAMES 'utf8'[0m
  [4;36;1mSQL (0.1ms)[0m   [0;1mSET SQL_AUTO_IS_NULL=0[0m


Processing ProductsController#edit (for 127.0.0.1 at 2010-10-24 00:57:10) [GET]
  Parameters: {"id"=>"4"}
  [4;35;1mProduct Columns (1.2ms)[0m   [0mSHOW FIELDS FROM `products`[0m
  [4;36;1mProduct Load (0.2ms)[0m   [0;1mSELECT * FROM `products` WHERE (`products`.`id` = 4) [0m
Rendering template within layouts/products
Rendering products/edit
Completed in 14ms (View: 8, DB: 2) | 200 OK [http://localhost/products/4/edit]
  [4;35;1mSQL (0.1ms)[0m   [0mSET NAMES 'utf8'[0m
  [4;36;1mSQL (0.1ms)[0m   [0;1mSET SQL_AUTO_IS_NULL=0[0m


Processing ProductsController#update (for 127.0.0.1 at 2010-10-24 00:57:15) [PUT]
  Parameters: {"commit"=>"Update", "authenticity_token"=>"bfpnw2kPusKobOYG/0MzJonO9s8XlRlS0HYFRgq0aVk=", "id"=>"4", "product"=>{"price"=>"50.00", "title"=>"Sample Product 1", "description"=>"<p>Lorem ipsum delorme.  Lorem ipsum delorme.  Lorem ipsum delorme.  Lorem ipsum delorme.</p>"}}
  [4;35;1mProduct Columns (1.3ms)[0m   [0mSHOW FIELDS FROM `products`[0m
  [4;36;1mProduct Load (0.2ms)[0m   [0;1mSELECT * FROM `products` WHERE (`products`.`id` = 4) [0m
  [4;35;1mSQL (0.1ms)[0m   [0mBEGIN[0m
  [4;36;1mProduct Load (0.3ms)[0m   [0;1mSELECT `products`.id FROM `products` WHERE (`products`.`title` = BINARY 'Sample Product 1' AND `products`.id <> 4) LIMIT 1[0m
  [4;35;1mSQL (0.1ms)[0m   [0mROLLBACK[0m
Rendering template within layouts/products
Rendering products/edit
Completed in 19ms (View: 9, DB: 2) | 200 OK [http://localhost/products/4]
  [4;36;1mSQL (0.1ms)[0m   [0;1mSET NAMES 'utf8'[0m
  [4;35;1mSQL (0.1ms)[0m   [0mSET SQL_AUTO_IS_NULL=0[0m


Processing ProductsController#update (for 127.0.0.1 at 2010-10-24 00:57:22) [PUT]
  Parameters: {"commit"=>"Update", "authenticity_token"=>"bfpnw2kPusKobOYG/0MzJonO9s8XlRlS0HYFRgq0aVk=", "id"=>"4", "product"=>{"price"=>"50.00", "title"=>"Sample Product 0", "description"=>"<p>Lorem ipsum delorme.  Lorem ipsum delorme.  Lorem ipsum delorme.  Lorem ipsum delorme.</p>"}}
  [4;36;1mProduct Columns (1.5ms)[0m   [0;1mSHOW FIELDS FROM `products`[0m
  [4;35;1mProduct Load (0.2ms)[0m   [0mSELECT * FROM `products` WHERE (`products`.`id` = 4) [0m
  [4;36;1mSQL (0.1ms)[0m   [0;1mBEGIN[0m
  [4;35;1mProduct Load (0.3ms)[0m   [0mSELECT `products`.id FROM `products` WHERE (`products`.`title` = BINARY 'Sample Product 0' AND `products`.id <> 4) LIMIT 1[0m
  [4;36;1mSQL (0.1ms)[0m   [0;1mCOMMIT[0m
Redirected to http://localhost:3000/products/4
Completed in 10ms (DB: 2) | 302 Found [http://localhost/products/4]
  [4;35;1mSQL (0.1ms)[0m   [0mSET NAMES 'utf8'[0m
  [4;36;1mSQL (0.1ms)[0m   [0;1mSET SQL_AUTO_IS_NULL=0[0m


Processing ProductsController#show (for 127.0.0.1 at 2010-10-24 00:57:22) [GET]
  Parameters: {"id"=>"4"}
  [4;35;1mProduct Columns (1.3ms)[0m   [0mSHOW FIELDS FROM `products`[0m
  [4;36;1mProduct Load (0.2ms)[0m   [0;1mSELECT * FROM `products` WHERE (`products`.`id` = 4) [0m
Rendering template within layouts/products
Rendering products/show
Completed in 8ms (View: 2, DB: 2) | 200 OK [http://localhost/products/4]
  [4;35;1mSQL (0.1ms)[0m   [0mSET NAMES 'utf8'[0m
  [4;36;1mSQL (0.1ms)[0m   [0;1mSET SQL_AUTO_IS_NULL=0[0m


Processing ProductsController#index (for 127.0.0.1 at 2010-10-24 00:57:25) [GET]
  [4;35;1mProduct Load (0.3ms)[0m   [0mSELECT * FROM `products` [0m
Rendering template within layouts/products
Rendering products/index
  [4;36;1mProduct Columns (1.2ms)[0m   [0;1mSHOW FIELDS FROM `products`[0m
Completed in 93ms (View: 87, DB: 2) | 200 OK [http://localhost/products]
  [4;35;1mSQL (0.1ms)[0m   [0mSET NAMES 'utf8'[0m
  [4;36;1mSQL (0.1ms)[0m   [0;1mSET SQL_AUTO_IS_NULL=0[0m


Processing ProductsController#destroy (for 127.0.0.1 at 2010-10-24 00:58:04) [DELETE]
  Parameters: {"authenticity_token"=>"bfpnw2kPusKobOYG/0MzJonO9s8XlRlS0HYFRgq0aVk=", "id"=>"7"}
  [4;35;1mProduct Columns (1.2ms)[0m   [0mSHOW FIELDS FROM `products`[0m
  [4;36;1mProduct Load (1.6ms)[0m   [0;1mSELECT * FROM `products` WHERE (`products`.`id` = 7) [0m
  [4;35;1mSQL (0.1ms)[0m   [0mBEGIN[0m
  [4;36;1mProduct Destroy (0.2ms)[0m   [0;1mDELETE FROM `products` WHERE `id` = 7[0m
  [4;35;1mSQL (0.6ms)[0m   [0mCOMMIT[0m
Redirected to http://localhost:3000/products
Completed in 10ms (DB: 4) | 302 Found [http://localhost/products/7]
  [4;36;1mSQL (0.1ms)[0m   [0;1mSET NAMES 'utf8'[0m
  [4;35;1mSQL (0.1ms)[0m   [0mSET SQL_AUTO_IS_NULL=0[0m


Processing ProductsController#index (for 127.0.0.1 at 2010-10-24 00:58:04) [GET]
  [4;36;1mProduct Load (0.3ms)[0m   [0;1mSELECT * FROM `products` [0m
Rendering template within layouts/products
Rendering products/index
  [4;35;1mProduct Columns (1.2ms)[0m   [0mSHOW FIELDS FROM `products`[0m
Completed in 29ms (View: 23, DB: 2) | 200 OK [http://localhost/products]
  [4;36;1mSQL (0.1ms)[0m   [0;1mSET NAMES 'utf8'[0m
  [4;35;1mSQL (0.1ms)[0m   [0mSET SQL_AUTO_IS_NULL=0[0m


Processing ProductsController#destroy (for 127.0.0.1 at 2010-10-24 00:58:12) [DELETE]
  Parameters: {"authenticity_token"=>"bfpnw2kPusKobOYG/0MzJonO9s8XlRlS0HYFRgq0aVk=", "id"=>"4"}
  [4;36;1mProduct Columns (1.2ms)[0m   [0;1mSHOW FIELDS FROM `products`[0m
  [4;35;1mProduct Load (0.6ms)[0m   [0mSELECT * FROM `products` WHERE (`products`.`id` = 4) [0m
  [4;36;1mSQL (0.1ms)[0m   [0;1mBEGIN[0m
  [4;35;1mProduct Destroy (0.2ms)[0m   [0mDELETE FROM `products` WHERE `id` = 4[0m
  [4;36;1mSQL (43.3ms)[0m   [0;1mCOMMIT[0m
Redirected to http://localhost:3000/products
Completed in 52ms (DB: 46) | 302 Found [http://localhost/products/4]
  [4;35;1mSQL (0.1ms)[0m   [0mSET NAMES 'utf8'[0m
  [4;36;1mSQL (0.1ms)[0m   [0;1mSET SQL_AUTO_IS_NULL=0[0m


Processing ProductsController#index (for 127.0.0.1 at 2010-10-24 00:58:12) [GET]
  [4;35;1mProduct Load (0.3ms)[0m   [0mSELECT * FROM `products` [0m
Rendering template within layouts/products
Rendering products/index
  [4;36;1mProduct Columns (1.2ms)[0m   [0;1mSHOW FIELDS FROM `products`[0m
Completed in 26ms (View: 21, DB: 2) | 200 OK [http://localhost/products]
  [4;35;1mSQL (0.1ms)[0m   [0mSET NAMES 'utf8'[0m
  [4;36;1mSQL (0.1ms)[0m   [0;1mSET SQL_AUTO_IS_NULL=0[0m


Processing ApplicationController#index (for 127.0.0.1 at 2010-10-24 01:10:27) [GET]

ActionController::RoutingError (No route matches "/store" with {:method=>:get}):
  

Rendering rescues/layout (not_found)
  [4;35;1mSQL (0.1ms)[0m   [0mSET NAMES 'utf8'[0m
  [4;36;1mSQL (0.1ms)[0m   [0;1mSET SQL_AUTO_IS_NULL=0[0m


Processing ApplicationController#index (for 127.0.0.1 at 2010-10-24 01:11:33) [GET]

ActionController::RoutingError (No route matches "/store/index" with {:method=>:get}):
  

Rendering rescues/layout (not_found)
  [4;35;1mSQL (0.1ms)[0m   [0mSET NAMES 'utf8'[0m
  [4;36;1mSQL (0.1ms)[0m   [0;1mSET SQL_AUTO_IS_NULL=0[0m


Processing ApplicationController#index (for 127.0.0.1 at 2010-10-24 01:11:36) [GET]

ActionController::RoutingError (No route matches "/store" with {:method=>:get}):
  

Rendering rescues/layout (not_found)
  [4;35;1mSQL (0.1ms)[0m   [0mSET NAMES 'utf8'[0m
  [4;36;1mSQL (0.1ms)[0m   [0;1mSET SQL_AUTO_IS_NULL=0[0m


Processing StoreController#index (for 127.0.0.1 at 2010-10-24 01:12:19) [GET]
  [4;35;1mProduct Load (0.4ms)[0m   [0mSELECT * FROM `products` ORDER BY title[0m
Rendering store/index
  [4;36;1mProduct Columns (1.2ms)[0m   [0;1mSHOW FIELDS FROM `products`[0m
Completed in 11ms (View: 5, DB: 2) | 200 OK [http://localhost/store]
  [4;35;1mSQL (1.8ms)[0m   [0mSET NAMES 'utf8'[0m
  [4;36;1mSQL (0.1ms)[0m   [0;1mSET SQL_AUTO_IS_NULL=0[0m


Processing StoreController#index (for 127.0.0.1 at 2010-10-24 01:14:52) [GET]
  [4;35;1mProduct Load (0.4ms)[0m   [0mSELECT * FROM `products` ORDER BY title[0m
Rendering store/index
  [4;36;1mProduct Columns (1.4ms)[0m   [0;1mSHOW FIELDS FROM `products`[0m
Completed in 15ms (View: 10, DB: 4) | 200 OK [http://localhost/store]
  [4;35;1mSQL (0.2ms)[0m   [0mSET NAMES 'utf8'[0m
  [4;36;1mSQL (0.1ms)[0m   [0;1mSET SQL_AUTO_IS_NULL=0[0m


Processing StoreController#index (for 127.0.0.1 at 2010-10-24 01:18:36) [GET]
  [4;35;1mProduct Load (0.4ms)[0m   [0mSELECT * FROM `products` ORDER BY title[0m
Rendering store/index
  [4;36;1mProduct Columns (1.2ms)[0m   [0;1mSHOW FIELDS FROM `products`[0m
Completed in 18ms (View: 13, DB: 2) | 200 OK [http://localhost/store]
  [4;35;1mSQL (0.1ms)[0m   [0mSET NAMES 'utf8'[0m
  [4;36;1mSQL (0.4ms)[0m   [0;1mSET SQL_AUTO_IS_NULL=0[0m


Processing StoreController#index (for 127.0.0.1 at 2010-10-24 02:00:38) [GET]
  [4;35;1mProduct Load (0.4ms)[0m   [0mSELECT * FROM `products` ORDER BY title[0m
Rendering store/index
  [4;36;1mProduct Columns (1.2ms)[0m   [0;1mSHOW FIELDS FROM `products`[0m
Completed in 20ms (View: 14, DB: 2) | 200 OK [http://localhost/store]
  [4;35;1mSQL (0.1ms)[0m   [0mSET NAMES 'utf8'[0m
  [4;36;1mSQL (0.1ms)[0m   [0;1mSET SQL_AUTO_IS_NULL=0[0m


Processing StoreController#add_to_cart (for 127.0.0.1 at 2010-10-24 02:00:40) [POST]
  Parameters: {"authenticity_token"=>"bfpnw2kPusKobOYG/0MzJonO9s8XlRlS0HYFRgq0aVk=", "id"=>"5"}
  [4;35;1mProduct Columns (1.2ms)[0m   [0mSHOW FIELDS FROM `products`[0m
  [4;36;1mProduct Load (0.2ms)[0m   [0;1mSELECT * FROM `products` WHERE (`products`.`id` = 5) [0m
Rendering store/add_to_cart
Completed in 12ms (View: 5, DB: 2) | 200 OK [http://localhost/store/add_to_cart/5]
